timestamp,pid,cpu_percent,mem_percent,rss_kb,status
2025-04-26 16:57:51,8,0.0,0.1,30964,running
2025-04-26 16:57:52,8,3.0,0.2,43392,running
2025-04-26 16:57:53,8,1.5,0.2,43392,running
2025-04-26 16:57:54,8,1.0,0.2,43392,running
2025-04-26 16:57:56,8,0.7,0.2,43392,running
2025-04-26 16:57:57,8,0.6,0.2,43392,running
2025-04-26 16:57:58,8,0.5,0.2,43392,running
2025-04-26 16:57:59,8,0.4,0.2,43392,running
2025-04-26 16:58:00,8,0.3,0.2,43392,running
2025-04-26 16:58:01,8,0.3,0.2,43392,running
2025-04-26 16:58:02,8,0.3,0.2,43392,running
2025-04-26 16:58:03,8,0.2,0.2,43392,running
2025-04-26 16:58:04,8,0.2,0.2,43392,running
2025-04-26 16:58:05,8,0.2,0.2,43392,running
2025-04-26 16:58:06,8,0.2,0.2,43392,running
2025-04-26 16:58:07,8,0.2,0.2,43392,running
2025-04-26 16:58:08,8,0.1,0.2,43392,running
2025-04-26 16:58:09,8,0.1,0.2,43392,running
2025-04-26 16:58:10,8,0.1,0.2,43392,running
2025-04-26 16:58:11,8,0.1,0.2,43392,running
2025-04-26 16:58:12,8,0.1,0.2,43392,running
2025-04-26 16:58:13,8,0.1,0.2,43392,running
2025-04-26 16:58:14,8,0.1,0.2,43392,running
2025-04-26 16:58:15,8,0.1,0.2,43392,running
2025-04-26 16:58:16,8,0.1,0.2,43392,running
2025-04-26 16:58:17,8,0.1,0.2,43392,running
2025-04-26 16:58:18,8,0.1,0.2,43392,running
2025-04-26 16:58:19,8,0.1,0.2,43392,running
2025-04-26 16:58:20,8,0.1,0.2,43392,running
2025-04-26 16:58:21,8,0.1,0.2,43392,running
2025-04-26 16:58:22,8,0.1,0.2,43392,running
2025-04-26 16:58:23,8,0.0,0.2,43392,running
2025-04-26 16:58:24,8,0.0,0.2,43392,running
2025-04-26 16:58:25,8,0.0,0.2,43392,running
2025-04-26 16:58:27,8,0.0,0.2,43392,running
2025-04-26 16:58:28,8,0.0,0.2,43392,running
2025-04-26 16:58:29,8,0.0,0.2,43392,running
2025-04-26 16:58:30,8,0.0,0.2,43392,running
2025-04-26 16:58:31,8,0.0,0.2,43392,running
2025-04-26 16:58:32,8,0.0,0.2,43392,running
2025-04-26 16:58:33,8,0.0,0.2,43392,running
2025-04-26 16:58:34,8,0.0,0.2,43392,running
2025-04-26 16:58:35,8,0.0,0.2,43392,running
2025-04-26 16:58:36,8,0.0,0.2,43392,running
2025-04-26 16:58:37,8,0.0,0.2,43392,running
2025-04-26 16:58:38,8,0.0,0.2,43392,running
2025-04-26 16:58:39,8,0.0,0.2,43392,running
2025-04-26 16:58:40,8,0.0,0.2,43392,running
2025-04-26 16:58:41,8,0.0,0.2,43392,running
2025-04-26 16:58:42,8,0.0,0.2,43392,running
2025-04-26 16:58:43,8,0.0,0.2,43392,running
2025-04-26 16:58:44,8,0.0,0.2,43392,running
2025-04-26 16:58:45,8,0.0,0.2,43392,running
2025-04-26 16:58:46,8,0.0,0.2,43392,running
2025-04-26 16:58:47,8,0.0,0.2,43392,running
